<?xml version="1.0" encoding="UTF-8"?>
<Site BuildName="(empty)"
	BuildStamp="20240627-1436-Experimental"
	Name="user-Dell-G15-5520"
	Generator="ctest-3.22.1"
	CompilerName="/usr/bin/c++"
	CompilerVersion="11.4.0"
	OSName="Linux"
	Hostname="user-Dell-G15-5520"
	OSRelease="6.5.0-41-generic"
	OSVersion="#41~22.04.2-Ubuntu SMP PREEMPT_DYNAMIC Mon Jun  3 11:32:55 UTC 2"
	OSPlatform="x86_64"
	Is64Bits="1"
	VendorString="GenuineIntel"
	VendorID="Intel Corporation"
	FamilyID="6"
	ModelID="154"
	ProcessorCacheSize="24576"
	NumberOfLogicalCPU="20"
	NumberOfPhysicalCPU="14"
	TotalVirtualMemory="2047"
	TotalPhysicalMemory="15667"
	LogicalProcessorsPerPhysical="1"
	ProcessorClockFrequency="603.354"
	>
	<Testing>
		<StartDateTime>Jun 27 22:23 IST</StartDateTime>
		<StartTestTime>1719507180</StartTestTime>
		<TestList/>
		<EndDateTime>Jun 27 22:23 IST</EndDateTime>
		<EndTestTime>1719507180</EndTestTime>
		<ElapsedMinutes>0</ElapsedMinutes>
	</Testing>
</Site>
